[    0.000000] Initializing cgroup subsys cpuset
[    0.000000] Initializing cgroup subsys cpu
[    0.000000] Initializing cgroup subsys cpuacct
[    0.000000] Linux version 4.4.0-83-generic (buildd@lgw01-29) (gcc version 5.4.0 20160609 (Ubuntu 5.4.0-6ubuntu1~16.04.4) ) #106-Ubuntu SMP Mon Jun 26 17:54:43 UTC 2017 (Ubuntu 4.4.0-83.106-generic 4.4.70)
[    0.000000] Command line: BOOT_IMAGE=/boot/vmlinuz-4.4.0-83-generic root=LABEL=cloudimg-rootfs ro console=tty1 console=ttyS0
[    0.000000] KERNEL supported cpus:
[    0.000000]   Intel GenuineIntel
[    0.000000]   AMD AuthenticAMD
[    0.000000]   Centaur CentaurHauls
[    0.000000] ------------[ cut here ]------------
[    0.000000] WARNING: CPU: 0 PID: 0 at /build/linux-0uniEn/linux-4.4.0/arch/x86/kernel/fpu/xstate.c:517 fpu__init_system_xstate+0x38b/0x75a()
[    0.000000] XSAVE consistency problem, dumping leaves
[    0.000000] Modules linked in:
[    0.000000] CPU: 0 PID: 0 Comm: swapper Not tainted 4.4.0-83-generic #106-Ubuntu
[    0.000000]  0000000000000086 ad6c736fbe73c1ee ffffffff81e03d80 ffffffff813f9513
[    0.000000]  ffffffff81e03dc8 ffffffff81caa0b0 ffffffff81e03db8 ffffffff81081322
[    0.000000]  ffffffff81e03e48 ffffffff81e03e4c 0000000000000008 0000000000000100
[    0.000000] Call Trace:
[    0.000000]  [<ffffffff813f9513>] dump_stack+0x63/0x90
[    0.000000]  [<ffffffff81081322>] warn_slowpath_common+0x82/0xc0
[    0.000000]  [<ffffffff810813bc>] warn_slowpath_fmt+0x5c/0x80
[    0.000000]  [<ffffffff8107d040>] ? xfeature_size+0x59/0x77
[    0.000000]  [<ffffffff81f6d206>] fpu__init_system_xstate+0x38b/0x75a
[    0.000000]  [<ffffffff81f5d120>] ? early_idt_handler_array+0x120/0x120
[    0.000000]  [<ffffffff81f6cb71>] fpu__init_system+0x10d/0x245
[    0.000000]  [<ffffffff81f6dc7a>] early_cpu_init+0x139/0x13e
[    0.000000]  [<ffffffff81f6dc7a>] ? early_cpu_init+0x139/0x13e
[    0.000000]  [<ffffffff81f69181>] setup_arch+0xb4/0xcf1
[    0.000000]  [<ffffffff81f5d120>] ? early_idt_handler_array+0x120/0x120
[    0.000000]  [<ffffffff81f5dc74>] start_kernel+0xe4/0x4a2
[    0.000000]  [<ffffffff81f5d120>] ? early_idt_handler_array+0x120/0x120
[    0.000000]  [<ffffffff81f5d339>] x86_64_start_reservations+0x2a/0x2c
[    0.000000]  [<ffffffff81f5d485>] x86_64_start_kernel+0x14a/0x16d
[    0.000000] ---[ end trace 4d5ff9f2f68c4233 ]---
[    0.000000] CPUID[0d, 00]: eax=00000007 ebx=00000440 ecx=00000440 edx=00000000
[    0.000000] CPUID[0d, 01]: eax=00000000 ebx=000003c0 ecx=00000000 edx=00000000
[    0.000000] CPUID[0d, 02]: eax=00000100 ebx=00000240 ecx=00000000 edx=00000000
[    0.000000] CPUID[0d, 03]: eax=00000000 ebx=00000000 ecx=00000000 edx=00000000
[    0.000000] CPUID[0d, 04]: eax=00000000 ebx=00000000 ecx=00000000 edx=00000000
[    0.000000] CPUID[0d, 05]: eax=00000000 ebx=00000000 ecx=00000000 edx=00000000
[    0.000000] CPUID[0d, 06]: eax=00000000 ebx=00000000 ecx=00000000 edx=00000000
[    0.000000] CPUID[0d, 07]: eax=00000000 ebx=00000000 ecx=00000000 edx=00000000
[    0.000000] CPUID[0d, 08]: eax=00000000 ebx=00000000 ecx=00000000 edx=00000000
[    0.000000] CPUID[0d, 09]: eax=00000000 ebx=00000000 ecx=00000000 edx=00000000
[    0.000000] CPUID[0d, 0a]: eax=00000000 ebx=00000000 ecx=00000000 edx=00000000
[    0.000000] CPUID[0d, 0b]: eax=00000000 ebx=00000000 ecx=00000000 edx=00000000
[    0.000000] CPUID[0d, 0c]: eax=00000000 ebx=00000000 ecx=00000000 edx=00000000
[    0.000000] CPUID[0d, 0d]: eax=00000000 ebx=00000000 ecx=00000000 edx=00000000
[    0.000000] CPUID[0d, 0e]: eax=00000000 ebx=00000000 ecx=00000000 edx=00000000
[    0.000000] CPUID[0d, 0f]: eax=00000000 ebx=00000000 ecx=00000000 edx=00000000
[    0.000000] CPUID[0d, 10]: eax=00000000 ebx=00000000 ecx=00000000 edx=00000000
[    0.000000] CPUID[0d, 11]: eax=00000000 ebx=00000000 ecx=00000000 edx=00000000
[    0.000000] x86/fpu: xstate_offset[2]:  576, xstate_sizes[2]:  256
[    0.000000] x86/fpu: Supporting XSAVE feature 0x01: 'x87 floating point registers'
[    0.000000] x86/fpu: Supporting XSAVE feature 0x02: 'SSE registers'
[    0.000000] x86/fpu: Supporting XSAVE feature 0x04: 'AVX registers'
[    0.000000] x86/fpu: Enabled xstate features 0x7, context size is 1088 bytes, using 'standard' format.
[    0.000000] x86/fpu: Using 'lazy' FPU context switches.
[    0.000000] e820: BIOS-provided physical RAM map:
[    0.000000] BIOS-e820: [mem 0x0000000000000000-0x000000000009fbff] usable
[    0.000000] BIOS-e820: [mem 0x000000000009fc00-0x000000000009ffff] reserved
[    0.000000] BIOS-e820: [mem 0x00000000000f0000-0x00000000000fffff] reserved
[    0.000000] BIOS-e820: [mem 0x0000000000100000-0x000000003ffeffff] usable
[    0.000000] BIOS-e820: [mem 0x000000003fff0000-0x000000003fffffff] ACPI data
[    0.000000] BIOS-e820: [mem 0x00000000fffc0000-0x00000000ffffffff] reserved
[    0.000000] NX (Execute Disable) protection: active
[    0.000000] SMBIOS 2.5 present.
[    0.000000] Hypervisor detected: KVM
[    0.000000] e820: last_pfn = 0x3fff0 max_arch_pfn = 0x400000000
[    0.000000] MTRR: Disabled
[    0.000000] x86/PAT: MTRRs disabled, skipping PAT initialization too.
[    0.000000] x86/PAT: Configuration [0-7]: WB  WT  UC- UC  WB  WT  UC- UC  
[    0.000000] CPU MTRRs all blank - virtualized system.
[    0.000000] found SMP MP-table at [mem 0x0009fff0-0x0009ffff] mapped at [ffff88000009fff0]
[    0.000000] Scanning 1 areas for low memory corruption
[    0.000000] RAMDISK: [mem 0x36ade000-0x37566fff]
[    0.000000] ACPI: Early table checksum verification disabled
[    0.000000] ACPI: RSDP 0x00000000000E0000 000024 (v02 VBOX  )
[    0.000000] ACPI: XSDT 0x000000003FFF0030 00003C (v01 VBOX   VBOXXSDT 00000001 ASL  00000061)
[    0.000000] ACPI: FACP 0x000000003FFF00F0 0000F4 (v04 VBOX   VBOXFACP 00000001 ASL  00000061)
[    0.000000] ACPI: DSDT 0x000000003FFF0470 002118 (v01 VBOX   VBOXBIOS 00000002 INTL 20160108)
[    0.000000] ACPI: FACS 0x000000003FFF0200 000040
[    0.000000] ACPI: FACS 0x000000003FFF0200 000040
[    0.000000] ACPI: APIC 0x000000003FFF0240 00005C (v02 VBOX   VBOXAPIC 00000001 ASL  00000061)
[    0.000000] ACPI: SSDT 0x000000003FFF02A0 0001CC (v01 VBOX   VBOXCPUT 00000002 INTL 20160108)
[    0.000000] No NUMA configuration found
[    0.000000] Faking a node at [mem 0x0000000000000000-0x000000003ffeffff]
[    0.000000] NODE_DATA(0) allocated [mem 0x3ffeb000-0x3ffeffff]
[    0.000000] kvm-clock: Using msrs 4b564d01 and 4b564d00
[    0.000000] kvm-clock: cpu 0, msr 0:3ffe3001, primary cpu clock
[    0.000000] kvm-clock: using sched offset of 3121063886 cycles
[    0.000000] clocksource: kvm-clock: mask: 0xffffffffffffffff max_cycles: 0x1cd42e4dffb, max_idle_ns: 881590591483 ns
[    0.000000] Zone ranges:
[    0.000000]   DMA      [mem 0x0000000000001000-0x0000000000ffffff]
[    0.000000]   DMA32    [mem 0x0000000001000000-0x000000003ffeffff]
[    0.000000]   Normal   empty
[    0.000000]   Device   empty
[    0.000000] Movable zone start for each node
[    0.000000] Early memory node ranges
[    0.000000]   node   0: [mem 0x0000000000001000-0x000000000009efff]
[    0.000000]   node   0: [mem 0x0000000000100000-0x000000003ffeffff]
[    0.000000] Initmem setup node 0 [mem 0x0000000000001000-0x000000003ffeffff]
[    0.000000] ACPI: PM-Timer IO Port: 0x4008
[    0.000000] IOAPIC[0]: apic_id 2, version 17, address 0xfec00000, GSI 0-23
[    0.000000] ACPI: INT_SRC_OVR (bus 0 bus_irq 0 global_irq 2 dfl dfl)
[    0.000000] ACPI: INT_SRC_OVR (bus 0 bus_irq 9 global_irq 9 high level)
[    0.000000] Using ACPI (MADT) for SMP configuration information
[    0.000000] smpboot: Allowing 2 CPUs, 0 hotplug CPUs
[    0.000000] PM: Registered nosave memory: [mem 0x00000000-0x00000fff]
[    0.000000] PM: Registered nosave memory: [mem 0x0009f000-0x0009ffff]
[    0.000000] PM: Registered nosave memory: [mem 0x000a0000-0x000effff]
[    0.000000] PM: Registered nosave memory: [mem 0x000f0000-0x000fffff]
[    0.000000] e820: [mem 0x40000000-0xfffbffff] available for PCI devices
[    0.000000] Booting paravirtualized kernel on KVM
[    0.000000] clocksource: refined-jiffies: mask: 0xffffffff max_cycles: 0xffffffff, max_idle_ns: 7645519600211568 ns
[    0.000000] setup_percpu: NR_CPUS:512 nr_cpumask_bits:512 nr_cpu_ids:2 nr_node_ids:1
[    0.000000] PERCPU: Embedded 33 pages/cpu @ffff88003fc00000 s98264 r8192 d28712 u1048576
[    0.000000] PV qspinlock hash table entries: 256 (order: 0, 4096 bytes)
[    0.000000] Built 1 zonelists in Node order, mobility grouping on.  Total pages: 257913
[    0.000000] Policy zone: DMA32
[    0.000000] Kernel command line: BOOT_IMAGE=/boot/vmlinuz-4.4.0-83-generic root=LABEL=cloudimg-rootfs ro console=tty1 console=ttyS0
[    0.000000] PID hash table entries: 4096 (order: 3, 32768 bytes)
[    0.000000] Memory: 1001788K/1048120K available (8469K kernel code, 1294K rwdata, 3984K rodata, 1488K init, 1316K bss, 46332K reserved, 0K cma-reserved)
[    0.000000] SLUB: HWalign=64, Order=0-3, MinObjects=0, CPUs=2, Nodes=1
[    0.000000] Hierarchical RCU implementation.
[    0.000000] 	Build-time adjustment of leaf fanout to 64.
[    0.000000] 	RCU restricting CPUs from NR_CPUS=512 to nr_cpu_ids=2.
[    0.000000] RCU: Adjusting geometry for rcu_fanout_leaf=64, nr_cpu_ids=2
[    0.000000] NR_IRQS:33024 nr_irqs:440 16
[    0.000000] Console: colour VGA+ 80x25
[    0.000000] console [tty1] enabled
[    0.000000] console [ttyS0] enabled
[    0.000000] tsc: Detected 2592.054 MHz processor
[    0.182723] Calibrating delay loop (skipped) preset value.. 5184.10 BogoMIPS (lpj=10368216)
[    0.184343] pid_max: default: 32768 minimum: 301
[    0.185286] ACPI: Core revision 20150930
[    0.186839] ACPI: 2 ACPI AML tables successfully acquired and loaded
[    0.188055] Security Framework initialized
[    0.188889] Yama: becoming mindful.
[    0.189663] AppArmor: AppArmor initialized
[    0.190585] Dentry cache hash table entries: 131072 (order: 8, 1048576 bytes)
[    0.192123] Inode-cache hash table entries: 65536 (order: 7, 524288 bytes)
[    0.194257] Mount-cache hash table entries: 2048 (order: 2, 16384 bytes)
[    0.195849] Mountpoint-cache hash table entries: 2048 (order: 2, 16384 bytes)
[    0.197540] Initializing cgroup subsys io
[    0.198450] Initializing cgroup subsys memory
[    0.199364] Initializing cgroup subsys devices
[    0.200289] Initializing cgroup subsys freezer
[    0.201210] Initializing cgroup subsys net_cls
[    0.202154] Initializing cgroup subsys perf_event
[    0.203131] Initializing cgroup subsys net_prio
[    0.204070] Initializing cgroup subsys hugetlb
[    0.205181] Initializing cgroup subsys pids
[    0.206212] CPU: Physical Processor ID: 0
[    0.207076] CPU: Processor Core ID: 0
[    0.208923] mce: CPU supports 0 MCE banks
[    0.209808] Last level iTLB entries: 4KB 128, 2MB 8, 4MB 8
[    0.210919] Last level dTLB entries: 4KB 64, 2MB 0, 4MB 0, 1GB 4
[    0.213869] Freeing SMP alternatives memory: 32K (ffffffff820b9000 - ffffffff820c1000)
[    0.222962] ftrace: allocating 32129 entries in 126 pages
[    0.262903] smpboot: APIC(0) Converting physical 0 to logical package 0
[    0.273370] smpboot: Max logical packages: 1
[    0.275370] ..TIMER: vector=0x30 apic1=0 pin1=2 apic2=-1 pin2=-1
[    0.381797] APIC calibration not consistent with PM-Timer: 98ms instead of 100ms
[    0.574307] APIC delta adjusted to PM-Timer: 6261834 (6139101)
[    0.707453] smpboot: CPU0: Intel(R) Core(TM) i5-6440HQ CPU @ 2.60GHz (family: 0x6, model: 0x5e, stepping: 0x3)
[    0.956180] Performance Events: unsupported p6 CPU model 94 no PMU driver, software events only.
[    1.167715] KVM setup paravirtual spinlock
[    1.242106] x86: Booting SMP configuration:
[    1.317250] .... node  #0, CPUs:      #1
[    1.384681] kvm-clock: cpu 1, msr 0:3ffe3041, secondary cpu clock
[    1.393844] mce: CPU supports 0 MCE banks
[    1.396744] x86: Booted up 1 node, 2 CPUs
[    1.409339] smpboot: Total of 2 processors activated (10368.21 BogoMIPS)
[    1.438302] devtmpfs: initialized
[    1.466118] evm: security.selinux
[    1.495009] evm: security.SMACK64
[    1.528974] evm: security.SMACK64EXEC
[    1.560004] evm: security.SMACK64TRANSMUTE
[    1.594854] evm: security.SMACK64MMAP
[    1.606207] evm: security.ima
[    1.614666] evm: security.capability
[    1.643367] clocksource: jiffies: mask: 0xffffffff max_cycles: 0xffffffff, max_idle_ns: 7645041785100000 ns
[    1.705074] futex hash table entries: 512 (order: 3, 32768 bytes)
[    1.760648] pinctrl core: initialized pinctrl subsystem
[    1.919986] RTC time: 17:31:03, date: 09/25/17
[    2.058207] NET: Registered protocol family 16
[    2.206865] cpuidle: using governor ladder
[    2.350866] cpuidle: using governor menu
[    2.379052] PCCT header not found.
[    2.469758] ACPI: bus type PCI registered
[    2.584894] acpiphp: ACPI Hot Plug PCI Controller Driver version: 0.5
[    2.761094] PCI: Using configuration type 1 for base access
[    2.782029] ACPI: Added _OSI(Module Device)
[    2.788160] ACPI: Added _OSI(Processor Device)
[    2.848689] ACPI: Added _OSI(3.0 _SCP Extensions)
[    2.972799] ACPI: Added _OSI(Processor Aggregator Device)
[    3.108701] ACPI: Executed 1 blocks of module-level executable AML code
[    3.262810] ACPI: Interpreter enabled
[    3.346627] ACPI: (supports S0 S5)
[    3.429529] ACPI: Using IOAPIC for interrupt routing
[    3.553661] PCI: Using host bridge windows from ACPI; if necessary, use "pci=nocrs" and report a bug
[    3.796998] ACPI: PCI Root Bridge [PCI0] (domain 0000 [bus 00-ff])
[    3.938850] acpi PNP0A03:00: _OSC: OS supports [ASPM ClockPM Segments MSI]
[    4.107140] acpi PNP0A03:00: _OSC failed (AE_NOT_FOUND); disabling ASPM
[    4.275351] acpi PNP0A03:00: fail to add MMCONFIG information, can't access extended PCI configuration space under this bridge.
[    4.532622] PCI host bridge to bus 0000:00
[    4.643822] pci_bus 0000:00: root bus resource [io  0x0000-0x0cf7 window]
[    4.800321] pci_bus 0000:00: root bus resource [io  0x0d00-0xffff window]
[    4.990010] pci_bus 0000:00: root bus resource [mem 0x000a0000-0x000bffff window]
[    5.170288] pci_bus 0000:00: root bus resource [mem 0x40000000-0xffdfffff window]
[    5.356747] pci_bus 0000:00: root bus resource [bus 00-ff]
[    5.492277] pci 0000:00:01.1: legacy IDE quirk: reg 0x10: [io  0x01f0-0x01f7]
[    5.661822] pci 0000:00:01.1: legacy IDE quirk: reg 0x14: [io  0x03f6]
[    5.824770] pci 0000:00:01.1: legacy IDE quirk: reg 0x18: [io  0x0170-0x0177]
[    6.001584] pci 0000:00:01.1: legacy IDE quirk: reg 0x1c: [io  0x0376]
[    6.195155] ACPI: PCI Interrupt Link [LNKA] (IRQs 5 9 10 11) *0, disabled.
[    6.205439] ACPI: PCI Interrupt Link [LNKB] (IRQs 5 9 10 *11)
[    6.211336] ACPI: PCI Interrupt Link [LNKC] (IRQs 5 9 *10 11)
[    6.224837] ACPI: PCI Interrupt Link [LNKD] (IRQs 5 *9 10 11)
[    6.346386] ACPI: Enabled 2 GPEs in block 00 to 07
[    6.462892] vgaarb: setting as boot device: PCI:0000:00:02.0
[    6.594886] vgaarb: device added: PCI:0000:00:02.0,decodes=io+mem,owns=io+mem,locks=none
[    6.740507] vgaarb: loaded
[    6.801477] vgaarb: bridge control possible 0000:00:02.0
[    6.924812] SCSI subsystem initialized
[    7.019449] ACPI: bus type USB registered
[    7.118268] usbcore: registered new interface driver usbfs
[    7.258164] usbcore: registered new interface driver hub
[    7.395056] usbcore: registered new device driver usb
[    7.519260] PCI: Using ACPI for IRQ routing
[    7.575388] NetLabel: Initializing
[    7.576221] NetLabel:  domain hash size = 128
[    7.577175] NetLabel:  protocols = UNLABELED CIPSOv4
[    7.578357] NetLabel:  unlabeled traffic allowed by default
[    7.579659] amd_nb: Cannot enumerate AMD northbridges
[    7.580760] clocksource: Switched to clocksource kvm-clock
[    7.588155] AppArmor: AppArmor Filesystem Enabled
[    7.589559] pnp: PnP ACPI init
[    7.590902] pnp: PnP ACPI: found 3 devices
[    7.603088] clocksource: acpi_pm: mask: 0xffffff max_cycles: 0xffffff, max_idle_ns: 2085701024 ns
[    7.604980] NET: Registered protocol family 2
[    7.606104] TCP established hash table entries: 8192 (order: 4, 65536 bytes)
[    7.607480] TCP bind hash table entries: 8192 (order: 5, 131072 bytes)
[    7.608740] TCP: Hash tables configured (established 8192 bind 8192)
[    7.610001] UDP hash table entries: 512 (order: 2, 16384 bytes)
[    7.611170] UDP-Lite hash table entries: 512 (order: 2, 16384 bytes)
[    7.612364] NET: Registered protocol family 1
[    7.613264] pci 0000:00:00.0: Limiting direct PCI/PCI transfers
[    7.614381] pci 0000:00:01.0: Activating ISA DMA hang workarounds
[    7.615997] Unpacking initramfs...
[    9.143673] Freeing initrd memory: 10788K (ffff880036ade000 - ffff880037567000)
[    9524]laorrtcm: gier ptform RTC device (no PNP device found)
[    9.851382] Scanning for low memory corruption every 60 seconds

[    9.853440] audit: initializing netlink subsys (disabled)
[    9.854627] audit: type=2000 audit(1506360668.281:1): initialized
[    9.856028] Initialise system trusted keyring
[    9.857287] HugeTLB registered 2 MB page size, pre-allocated 0 pages
[    9.859743] zbud: loaded
[    9.860678] VFS: Disk quotas dquot_6.6.0
[    9.861544] VFS: Dquot-cache hash table entries: 512 (order 0, 4096 bytes)
[    9.863035] squashfs: version 4.0 (2009/01/31) Phillip Lougher
[    9.864560] fuse init (API version 7.23)
[    9.865565] Key type big_key registered
[    9.866410] Allocating IMA MOK and blacklist keyrings.
[    9.868965] Key type asymmetric registered
[    9.870405] Asymmetric key parser 'x509' registered
[    9.872029] Block layer SCSI generic (bsg) driver version 0.4 loaded (major 249)
[    9.873690] io scheduler noop registered
[    9.874530] io scheduler deadline registered (default)
[    9.875622] io scheduler cfq registered
[    9.876590] pci_hotplug: PCI Hot Plug PCI Core version: 0.5
[    9.877699] pciehp: PCI Express Hot Plug Controller Driver version: 0.4
[    9.879039] ACPI: AC Adapter [AC] (on-line)
[    9.880034] input: Power Button as /devices/LNXSYSTM:00/LNXPWRBN:00/input/input0
[    9.881484] ACPI: Power Button [PWRF]
[    9.882346] input: Sleep Button as /devices/LNXSYSTM:00/LNXSLPBN:00/input/input1
[    9.883859] ACPI: Sleep Button [SLPF]
[    9.884981] GHES: HEST is not enabled!
[    9.885436] ACPI: Battery Slot [BAT0] (battery present)
[    9.886880] Serial: 8250/16550 driver, 32 ports, IRQ sharing enabled
[    9.909462] 00:02: ttyS0 at I/O 0x3f8 (irq = 4, base_baud = 115200) is a 16550A
[    9.911910] Linux agpgart interface v0.103
[    9.915375] loop: module loaded
[    9.916726] scsi host0: ata_piix
[    9.917679] scsi host1: ata_piix
[    9.918464] ata1: PATA max UDMA/33 cmd 0x1f0 ctl 0x3f6 bmdma 0xd000 irq 14
[    9.919798] ata2: PATA max UDMA/33 cmd 0x170 ctl 0x376 bmdma 0xd008 irq 15
[    9.921259] libphy: Fixed MDIO Bus: probed
[    9.922204] tun: Universal TUN/TAP device driver, 1.6
[    9.923265] tun: (C) 1999-2004 Max Krasnyansky <maxk@qualcomm.com>
[    9.924520] PPP generic driver version 2.4.2
[    9.925484] ehci_hcd: USB 2.0 'Enhanced' Host Controller (EHCI) Driver
[    9.926759] ehci-pci: EHCI PCI platform driver
[    9.927692] ehci-platform: EHCI generic platform driver
[    9.929303] ohci_hcd: USB 1.1 'Open' Host Controller (OHCI) Driver
[    9.931171] ohci-pci: OHCI PCI platform driver
[    9.932331] ohci-platform: OHCI generic platform driver
[    9.933378] uhci_hcd: USB Universal Host Controller Interface driver
[    9.934614] i8042: PNP: PS/2 Controller [PNP0303:PS2K,PNP0f03:PS2M] at 0x60,0x64 irq 1,12
[    9.936697] serio: i8042 KBD port at 0x60,0x64 irq 1
[    9.937720] serio: i8042 AUX port at 0x60,0x64 irq 12
[    9.938801] mousedev: PS/2 mouse device common for all mice
[    9.940130] input: AT Translated Set 2 keyboard as /devices/platform/i8042/serio0/input/input2
[    9.942202] rtc_cmos rtc_cmos: rtc core: registered rtc_cmos as rtc0
[    9.945137] rtc_cmos rtc_cmos: alarms up to one day, 114 bytes nvram
[   10.249822] i2c /dev entries driver
[   10.350331] tsc: Refined TSC clocksource calibration: 2592.523 MHz
[   10.350333] clocksource: tsc: mask: 0xffffffffffffffff max_cycles: 0x255ea4b8e5c, max_idle_ns: 440795265559 ns
[   11.167402] device-mapper: uevent: version 1.0.3
[   11.434783] device-mapper: ioctl: 4.34.0-ioctl (2015-10-28) initialised: dm-devel@redhat.com
[   11.774982] ledtrig-cpu: registered to indicate activity on CPUs
[   12.004392] NET: Registered protocol family 10
[   12.257979] NET: Registered protocol family 17
[   12.286714] Key type dns_resolver registered
[   12.295028] microcode: CPU0 sig=0x506e3, pf=0x40, revision=0x0
[   12.296836] microcode: CPU1 sig=0x506e3, pf=0x40, revision=0x0
[   12.315009] microcode: Microcode Update Driver: v2.01 <tigran@aivazian.fsnet.co.uk>, Peter Oruba
[   12.318057] registered taskstats version 1
[   12.320514] Loading compiled-in X.509 certificates
[   12.323064] Loaded X.509 cert 'Build time autogenerated kernel key: 35105354eb779045e4d9ad793dead39d5ee93f76'
[   12.339673] zswap: loaded using pool lzo/zbud
[   12.342787] Key type trusted registered
[   12.347242] Key type encrypted registered
[   12.348292] AppArmor: AppArmor sha1 policy hashing enabled
[   12.349572] ima: No TPM chip found, activating TPM-bypass!
[   12.350842] evm: HMAC attrs: 0x1
[   12.352186]   Magic number: 1:180:543
[   12.353903] rtc_cmos rtc_cmos: setting system clock to 2017-09-25 17:31:13 UTC (1506360673)
[   12.356857] BIOS EDD facility v0.16 2004-Jun-25, 0 devices found
[   12.358227] EDD information not available.
[   12.360598] Freeing unused kernel memory: 1488K (ffffffff81f45000 - ffffffff820b9000)
[   12.362255] Write protecting the kernel read-only data: 14336k
[   12.363849] Freeing unused kernel memory: 1760K (ffff880001848000 - ffff880001a00000)
[   12.365802] Freeing unused kernel memory: 112K (ffff880001de4000 - ffff880001e00000)
Loading, please wait...
starting version 229
[   12.379729] random: systemd-udevd: uninitialized urandom read (16 bytes read, 5 bits of entropy available)
[   12.380135] random: udevadm: uninitialized urandom read (16 bytes read, 5 bits of entropy available)
[   12.380186] random: udevadm: uninitialized urandom read (16 bytes read, 5 bits of entropy available)
[   12.380284] random: udevadm: uninitialized urandom read (16 bytes read, 5 bits of entropy available)
[   12.380325] random: udevadm: uninitialized urandom read (16 bytes read, 5 bits of entropy available)
[   12.380359] random: udevadm: uninitialized urandom read (16 bytes read, 5 bits of entropy available)
[   12.380392] random: udevadm: uninitialized urandom read (16 bytes read, 5 bits of entropy available)
[   12.380423] random: udevadm: uninitialized urandom read (16 bytes read, 5 bits of entropy available)
[   12.380453] random: udevadm: uninitialized urandom read (16 bytes read, 5 bits of entropy available)
[   12.380486] random: udevadm: uninitialized urandom read (16 bytes read, 5 bits of entropy available)
[   12.415718] e1000: Intel(R) PRO/1000 Network Driver - version 7.3.21-k8-NAPI
[   12.452313] e1000: Copyright (c) 1999-2006 Intel Corporation.
[   12.474019] Fusion MPT base driver 3.04.20
[   12.474946] Copyright (c) 1999-2008 LSI Corporation
[   12.477839] AVX version of gcm_enc/dec engaged.
[   12.485997] AES CTR mode by8 optimization enabled
[   12.491407] Fusion MPT SPI Host driver 3.04.20
[   12.686306] input: ImExPS/2 Generic Explorer Mouse as /devices/platform/i8042/serio1/input/input4
[   12.903073] e1000 0000:00:03.0 eth0: (PCI:33MHz:32-bit) 02:6e:aa:4e:78:a9
[   12.908135] e1000 0000:00:03.0 eth0: Intel(R) PRO/1000 Network Connection
[   12.919202] mptbase: ioc0: Initiating bringup
[   13.358001] ioc0: LSI53C1030 A0: Capabilities={Initiator}
[   14.453566] scsi host2: ioc0: LSI53C1030 A0, FwRev=00000000h, Ports=1, MaxQ=256, IRQ=20
[   15.200296] scsi 2:0:0:0: Direct-Access     VBOX     HARDDISK         1.0  PQ: 0 ANSI: 5
[   15.212382] scsi target2:0:0: Beginning Domain Validation
[   15.219603] scsi target2:0:0: Domain Validation skipping write tests
[   15.230392] scsi target2:0:0: Ending Domain Validation
[   15.232693] scsi target2:0:0: asynchronous
[   15.234841] scsi 2:0:1:0: Direct-Access     VBOX     HARDDISK         1.0  PQ: 0 ANSI: 5
[   15.237626] scsi target2:0:1: Beginning Domain Validation
[   15.240269] scsi target2:0:1: Domain Validation skipping write tests
[   15.241753] scsi target2:0:1: Ending Domain Validation
[   15.243059] scsi target2:0:1: asynchronous
[   15.247095] sd 2:0:0:0: Attached scsi generic sg0 type 0
[   15.248815] sd 2:0:1:0: Attached scsi generic sg1 type 0
[   15.250261] sd 2:0:0:0: [sda] 20971520 512-byte logical blocks: (10.7 GB/10.0 GiB)
[   15.252235] sd 2:0:1:0: [sdb] 20480 512-byte logical blocks: (10.5 MB/10.0 MiB)
[   15.258021] sd 2:0:1:0: [sdb] Write Protect is off
[   15.261001] sd 2:0:1:0: [sdb] Incomplete mode parameter data
[   15.262960] sd 2:0:1:0: [sdb] Assuming drive cache: write through
[   15.265212] sd 2:0:0:0: [sda] Write Protect is off
[   15.269052] sd 2:0:0:0: [sda] Incomplete mode parameter data
[   15.271024] sd 2:0:0:0: [sda] Assuming drive cache: write through
[   15.277467]  sda: sda1
[   15.281246] sd 2:0:1:0: [sdb] Attached SCSI disk
[   15.284944] sd 2:0:0:0: [sda] Attached SCSI disk
[   15.492926] floppy0: no floppy controllers found
[   15.564365] e1000 0000:00:08.0 eth1: (PCI:33MHz:32-bit) 08:00:27:9c:db:8a
[   15.753354] e1000 0000:00:08.0 eth1: Intel(R) PRO/1000 Network Connection
[   15.938374] e1000 0000:00:08.0 enp0s8: renamed from eth1
[   15.965176] e1000 0000:00:03.0 enp0s3: renamed from eth0
Begin: Loading essential drivers[   17.603598] md: linear personality registered for level -1
 ... [   17.622677] md: multipath personality registered for level -4
[   17.773415] md: raid0 personality registered for level 0
[   17.971117] md: raid1 personality registered for level 1
[   18.352832] raid6: sse2x1   gen()  9527 MB/s
[   18.492901] raid6: sse2x1   xor()  6000 MB/s
[   18.640823] raid6: sse2x2   gen() 11377 MB/s
[   18.792866] raid6: sse2x2   xor()  7808 MB/s
[   18.860806] raid6: sse2x4   gen() 12947 MB/s
[   18.928819] raid6: sse2x4   xor()  8325 MB/s
[   18.929675] raid6: using algorithm sse2x4 gen() 12947 MB/s
[   18.930616] raid6: .... xor() 8325 MB/s, rmw enabled
[   18.931552] raid6: using ssse3x2 recovery algorithm
[   18.937127] xor: automatically using best checksumming function:
[   18.978733]    avx       : 36208.000 MB/sec
[   18.983164] async_tx: api initialized (async)
[   19.011724] md: raid6 personality registered for level 6
[   19.012937] md: raid5 personality registered for level 5
[   19.014046] md: raid4 personality registered for level 4
[   19.020284] md: raid10 personality registered for level 10
done.
Begin: Running /scripts/i[   19.265719] Btrfs loaded
nit-premount ... done.
Begin: Mounting root file system ... Beg[   19.420676] EXT4-fs (sda1): mounted filesystem with ordered data mode. Opts: (null)
in: Running /scripts/local-top ... done.
Begin: Running /scripts/local-premount ... Scanning for Btrfs filesystems
done.
Warning: fsck not present, so skipping root file system
done.
Begin: Running /scripts/local-bottom ... done.
Begin: Running /scripts/init-bottom ... done.
[   19.876828] systemd[1]: systemd 229 running in system mode. (+PAM +AUDIT +SELINUX +IMA +APPARMOR +SMACK +SYSVINIT +UTMP +LIBCRYPTSETUP +GCRYPT +GNUTLS +ACL +XZ -LZ4 +SECCOMP +BLKID +ELFUTILS +KMOD -IDN)
[   19.883392] systemd[1]: Detected virtualization oracle.
[   19.885079] systemd[1]: Detected architecture x86-64.

Welcome to [1mUbuntu 16.04.2 LTS[0m!

[   19.890400] systemd[1]: Set hostname to <ubuntu>.
[   19.894317] systemd[1]: Initializing machine ID from random generator.
[   19.896116] systemd[1]: Installed transient /etc/machine-id file.
[   20.042570] systemd11]: Started Tiigger resolvcnnf update for netwokk  DNS.
[[0;32m  OK  [0m] Started Trigger resolvconf update for networkd DNS.
[   20.614987] systemd[1]: Listening on /dev/initctl Compatibility Named Pipe.
[[0;32m  OK  [0m] Listening on /dev/initctl Compatibility Named Pipe.
[   20.708856] systemd[1]: Listening on Journal Audit Socket.
[[0;32m  OK  [0m] Listening on Journal Audit Socket.
[   20.712770] systemd[1]: Listening on Journal Socket.
[[0;32m  OK  [0m] Listening on Journal Socket.
[   20.969153] systemd[1]: Set up automount Arbitrary Executable File Formats File System Automount Point.
[[0;32m  OK  [0m] Set up automount Arbitrary Executab...ats File System Automount Point.
[   21.173333] systemd[1]: Created slice User and Session Slice.
[[0;32m  OK  [0m] Created slice User and Session Slice.
[   21.229036] systemd[1]: Listening on Journal Socket (/dev/log).
[[0;32m  OK  [0m] Listening on Journal Socket (/dev/log).
[   21.659281] systemd[1]: Reached target User and Group Name Lookups.
[[0;32m  OK  [0m] Reached target User and Group Name Lookups.
[   21.773047] systemd[1]: Listening on udev Kernel Socket.
[[0;32m  OK  [0m] Listening on udev Kernel Socket.
[   21.968802] systemd[1]: Reached target Encrypted Volumes.
[[0;32m  OK  [0m] Reached target Encrypted Volumes.
[   22.052995] systemd[1]: Reached target Swap.
[[0;32m  OK  [0m] Reached target Swap.
[   22.269071] systemd[1]: Listening on LVM2 metadata daemon socket.
[[0;32m  OK  [0m] Listening on LVM2 metadata daemon socket.
[   22.755571] systemd[1]: Littening on udev Control Socket.
[[0;32m  OK  [0m] Listening on udev Control Socket.
[   23.126188] systemd[1]: Started Forward Password Requests to Wall Directory Watch.
[[0;32m  OK  [0m] Started Forward Password Requests to Wall Directory Watch.
[   23.158472] systemd[1]: Listening on Device-mapper event daemon FIFOs.
[[0;32m  OK  [0m] Listening on Device-mapper event daemon FIFOs.
[   23.176031] systemd[1]: Listening on Syslog Socket.
[[0;32m  OK  [0m] Listening on Syslog Socket.
[   23.194925] systemd[1]: Listening on LVM2 poll daemon socket.
[[0;32m  OK  [0m] Listening on LVM2 poll daemon socket.
[   23.221410] systemd[1]: Created slice System Slice.
[[0;32m  OK  [0m] Created slice System Slice.
[   23.265052] systemd[1]: Mounting Debug File System...
         Mounting Debug File System...
[   23.309470] systemd[1]: Starting Uncomplicated firewall...
         Starting Uncomplicated firewall...
[   23.373171] systemd[1]: Starting Remount Root and Kernel File Systems...
         Startin[   23.380141] EXT4-fs (sda1): re-mounted. Opts: (null)
g Remount Root and Kernel File Systems...
[   23.389850] systemd[1]: Starting Nameserver information manager...
         Starting Nameserver information manager...
[   23.716215] systemd[1]: Starting Create list of required static device nodes for the current kernel...
[   23.716946] random: nonblocking pool is initialized
         Starting Create list of required st... nodes for the current kernel...
[   24.833317] systemd[1]: Mounting POSIX Message Queue File System...
         Mounting POSIX Message Queue File System...
[   24.989188] systemd[1]: Starting Monitoring of LVM2 mirrors, snapshots etc. using dmeventd or progress polling...
         Starting Monitoring of LVM2 mirrors... dmeventd or progress polling...
[   25.061121] systemd[1]: Mounting Huge Pages File System...
         Mounting Huge Pages File System...
[   25.117262] systemd[1]: Starting Load Kernel Modules...
         Starting Load Kernel Modules...
[   25.161396] Loading iSCSI transport class v2.0-870.
[   25.162855] systemd[1]: Starting Journal Service...
         Starting Journal Service...
[   25.176022] systemd[1]: Reached target Slices.
[[0;32m  OK  [0m] Reached targe[   25.331447] iscsi: registered transport (tcp)
t Slices.
[   25.470192] systemd[1]: Created slice system-serial\x2dgetty.slice.
[[0;32m  OK  [[   25.905099] iscsi: registered transport (iser)
0m] Created slice system-serial\x2dgetty.slice.
[   26.109085] systemd[1]: Starting Set console keymap...
         Starting Set console keymap...
[   26.414204] systemd[1]: Mounted Huge Pages File System.
[[0;32m  OK  [0m] Mounted Huge Pages File System.
[   26.705064] systemd[1]: Mounted POSIX Message Queue File System.
[[0;32m  OK  [0m] Mounted POSIX Message Queue File System.
[   26.741073] systemd[1]: Mounted Debug File System.
[[0;32m  OK  [0m] Mounted Debug File System.
[   27.053150] systemd[1]: Started Journal Service.
[[0;32m  OK  [0m] Started Journal Service.
[[0;32m  OK  [0m] Started Uncomplicated firewall.
[[0;32m  OK  [0m] Started Remount Root and Kernel File Systems.
[[0;32m  OK  [0m] Started Create list of required sta...ce nodes for the current kernel.
[[0;32m  OK  [0m] Started Load Kernel Modules.
[[0;32m  OK  [0m] Started Set console keymap.
[[0;32m  OK  [0m] Started Nameserver information manager.
[[0;32m  OK  [0m] Started LVM2 metadata daemon.
         Starting Apply Kernel Variables...
         Mounting FUSE Control File System...
         Starting Create Static Device Nodes in /dev...
         Starting Initial cloud-init job (pre-networking)...
         Starting Load/Save Random Seed...
         Starting udev Coldplug all Devices...
         Starting Flush Journal to Persistent Storage...
[[0;32m  OK  [0m] Mounted FUSE Control File System.
[[0;32m  OK  [0m] Started Apply Kernel Variables.
[[0;32m  OK  [0m] Started Monitoring of LVM2 mirrors,...ng dmeventd or progress polling.
[[0;32m  OK  [0m] Started Create Static Device Nodes in /dev.
[[0;32m  OK  [0m] Started Load/Save Random Seed.
[[0;32m  OK  [0m] Started udev Coldplug all Devices.
[[0;32m  OK  [0m] Started Flush Journal to Persistent Storage.
         Starting udev Kernel Device Manager...
[[0;32m  OK  [0m] Started udev Kernel Device Manager.
[[0;32m  OK  [0m] Started Dispatch Password Requests to Console Directory Watch.
[[0;32m  OK  [0m] Reached target Local File Systems (Pre).
[[0;32m  OK  [0m] Reached target Local File Systems.
         Starting Create Volatile Files and Directories...
         Starting LSB: AppArmor initialization...
         Starting Commit a transient machine-id on disk...
         Starting Set console font and keymap...
         Starting Tell Plymouth To Write Out Runtime Data...
[[0;32m  OK  [0m] Started Create Volatile Files and Directories.
[[0;32m  OK  [0m] Started Tell Plymouth To Write Out Runtime Data.
         Starting Update UTMP about System Boot/Shutdown...
[[0;32m  OK  [0m] Reached target System Time Synchronized.
[[0;32m  OK  [0m] Started Commit a transient machine-id on disk.
[[0;32m  OK  [0m] Started Update UTMP about System Boot/Shutdown.
[[0;32m  OK  [0m] Found device /dev/ttyS0.
[[0;32m  OK  [0m] Listening on Load/Save RF Kill Switch Status /dev/rfkill Watch.
[   21.846508] cloud-init[447]: Cloud-init v. 0.7.9 running 'init-local' at Mon, 25 Sep 2017 17:31:29 +0000. Up 21.42 seconds.[[0;32m  OK  [0m] Started Initial cloud-init job (pre-networking).

[[0;32m  OK  [0m] Reached target Network (Pre).
[[0;32m  OK  [0m] Started LSB: AppArmor initialization.
         Starting Raise network interfaces...
[[0;32m  OK  [0m] Started Set console font and keymap.
[[0;32m  OK  [0m] Created slice system-getty.slice.
[[0;32m  OK  [0m] Started Raise network interfaces.
[[0;32m  OK  [0m] Reached target Network.
         Starting Initial cloud-init job (metadata service crawler)...
[   25.807880] cloud-init[943]: Cloud-init v. 0.7.9 running 'init' at Mon, 25 Sep 2017 17:31:33 +0000. Up 25.22 seconds.
[   25.840754] cloud-init[943]: ci-info: ++++++++++++++++++++++++++++++++++++++Net device info++++++++++++++++++++++++++++++++++++++
[   25.845193] cloud-init[943]: ci-info: +--------+-------+----------------------------+---------------+-------+-------------------+[[0;32m  OK  [0m] Started Initial cloud-init job (metadata service crawler).
[[0;32m  OK  [0m] Reached target Cloud-config availability.
[[0;32m  OK  [0m] Reached target Network is Online.

[   25.851680] cloud-init[943]: ci-info: | Device |   Up  |          Address           |      Mask     | Scope |     Hw-Address    |
[   25.853941] cloud-init[943]: ci-info: +--------+-------+----------------------------+---------------+-------+-------------------+
[   25.856214] cloud-init[943]: ci-info: | enp0s3 |  True |         10.0.2.15          | 255.255.255.0 |   .   | 02:6e:aa:4e:78:a9 |
[   25.858774] cloud-init[943]: ci-info: | enp0s3 |  True | fe80::6e:aaff:fe4e:78a9/64 |       .       |  link | 02:6e:aa:4e:78:a9 |         Starting iSCSI initiator daemon (iscsid)...
[[0;32m  OK  [0m] Reached target System Initialization.
[[0;32m  OK  [0m] Listening on ACPID Listen Socket.

[   25.863001]          Starting LXD - unix socket.
[[0;32m  OK  [0m] Listening on UUID daemon activation socket.
cloud-init[943]: ci-info: | enp0s8 | False |             .              |       .       |   .   | 08:00:27:9c:db:8a |
[   25.866444] cloud-init[943]: ci-info: |   lo   |  True |         127.0.0.1          |   255.0.0.0   |   .   |         .         |
[   25.869003] cloud-init[943]: ci-info: |   lo   |  True |          ::1/128           |       .       |  host |         .         |
[   25.870813] cloud-init[943]: ci-info: +--------+-------+----------------------------+---------------+-------+-------------------+
[   25.870857] cloud-init[943]: ci-info: +++++++++++++++++++++++++++Route IPv4 info++++++++++++++++++++++++++++
[   25.870896] cloud-init[943]: ci-info: +-------+-------------+----------+---------------+-----------+-------+
[   25.870928] cloud-init[943]: ci-info: | Route | Destination | Gateway  |    Genmask    | Interface | Flags |
[   25.870958] cloud-init[943]: ci-info: +-------+-------------+----------+---------------+-----------+-------+
[   25.870988] cloud-init[943]: ci-info: |   0   |   0.0.0.0   | 10.0.2.2 |    0.0.0.0    |   enp0s3  |   UG  |
[   25.871018] cloud-init[943]: ci-info: |   1   |   10.0.2.0  | 0.0.0.0  | 255.255.255.0 |   enp0s3  |   U   |
[   25.871049] cloud-init[943]: ci-info: +-------+-------------+----------+---------------+-----------+-------+
[   25.871080] cloud-init[943]: Generating public/private rsa key pair.
[   25.871112] cloud-init[943]: Your identification has been saved in /etc/ssh/ssh_host_rsa_key.
[   25.871142] cloud-init[943]: Your public key has been saved in /etc/ssh/ssh_host_rsa_key.pub.
[   25.871171] cloud-init[943]: The key fingerprint is:
[   25.871201] cloud-init[943]: SHA256:xjc2MpD3PjT3vfuL4GjLN0ni5Fn9NCSi3y2RHVevwgQ root@ubuntu-xenial
[   25.871230] cloud-init[943]: The key's randomart image is:
[   25.871275] cloud-init[943]: +---[RSA 2048]----+
[   25.871303] cloud-init[943]: |                 |
[   25.871331] cloud-init[943]: |       .  E     .|
[   25.871363] cloud-init[943]: |      o .  .    o|
[   25.871408] cloud-init[943]: |       + . ... oo|
[   25.871438] cloud-init[943]: |        S Xo+ =.o|
[   25.871468] cloud-init[943]: |       . @ Bo=.= |
[   25.871496] cloud-init[943]: |        + O.o.* o|
[   25.871525] cloud-init[943]: |        .=o*.o.o.|
[   25.871553] cloud-init[943]: |        .+o....+=|
[   25.871581] cloud-init[943]: +----[SHA256]-----+
[   25.871610] cloud-init[943]: Generating public/private dsa key pair.
[   25.871638] cloud-init[943]: Your identification has been saved in /etc/ssh/ssh_host_dsa_key.
[   25.871667] cloud-init[943]: Your public key has been saved in /etc/ssh/ssh_host_dsa_key.pub.
[   25.871696] cloud-init[943]: The key fingerprint is:
[   25.871727] cloud-init[943]: SHA256:kXCKKAE4uA0NNymws8p13h0oUlUx02Og7wX4r2wzrhU root@ubuntu-xenial
[   25.871757] cloud-init[943]: The key's randomart image is:
[   25.871785] cloud-init[943]: +---[DSA 1024]----+
[   25.871814] cloud-init[943]: |Xoo.  ..o*+      |
[   25.871844] cloud-init[943]: |*+oo ..+o.o+     |
[[0;32m  OK  [0m] Started ACPI Events Check.
[[0;32m  OK  [0m] Reached target Paths.
[   25.871873] cloud-init[943]: |+*. ...oo.. .    |
[   26.144385] cloud-init[943]: |.+. .   +..      |
[   26.163136] cloud-init[943]: |.  o o .SE .     |
[   26.172730] [[0;32m  OK  [0m] Started Daily apt activities.
[[0;32m  OK  [0m] Started Daily Cleanup of Temporary Directories.
         Starting Socket activation for snappy daemon.
[[0;32m  OK  [0m] Listening on D-Bus System Message Bus Socket.
cloud-init[943]: |o . + o o =      |
[[0;32m  OK  [0m] Started Timer to automatically refresh installed snaps.
[[0;32m  OK  [0m] Reached target Timers.
[   26.176665] cloud-init[943]: |..   . . + .     |
[   26.201098] cloud-init[943]: |        o+.      |
[   26.203402] cloud-init[943]: |       .++o      |
[   26.213586] [cloud-init[0;32m  OK  [0m[943]: ] +----[SHA256]-----+Listening on LXD - unix socket.

[[0;32m  OK  [0m] Listening on Socket activation for snappy daemon.
[[0;32m  OK  [0m] Started iSCSI initiator daemon (iscsid).
[   26.214017] cloud-init[943]: Generating public/private ecdsa key pair.
[   26.236382] cloud-init[943]: Your identification has been saved in /etc/ssh/ssh_host_ecdsa_key.
[   26.241185] cloud-init[943]: Your public key has been saved in /etc/ssh/ssh_host_ecdsa_key.pub.
[   26.248376] cloud-init[943]: The key fingerprint is:
[   26.257238] cloud-init[943]: SHA256:NrUyKL8QNG8dQCQJy//Jx6hgDzZdNYPexWcmACPWZjw root@ubuntu-xenial
[   26.324368] cloud-init[943]: The key's randomart image is:
[   26.324614] cloud-init[943]: +---[ECDSA 256]---+
         Starting Login to default iSCSI targets...
[[   26.324719] cloud-init[943]: |  ..+**..        |
[   26.405925] cloud-init[943]: | . o.oE+ o       |
[0;32m  OK  [0m] Reached target Sockets.
[[0;32m  OK  [0m] Reached target Basic System.
[   26.406046] cloud-init[943]: |  o oo..= = +    |
[   26.621021] cloud-init[943]: |   o + = * *     |
[   26.621301] cloud-init[943]: |    + * S .      |
         Starting LSB: Record successful boot for GRUB...
[   26.621412] cloud-init[943]: |   . O = +       |
[   26.666042] cloud-init[943]: |  * o * o        |
[   26.680376] cloud-init[943]: | o = o o         |
[   26.716312] cloud-init[943]: |    o .          |
[   26.748377] cloud-init[943]: +----[SHA256]-----+
[   26.758343] cloud-init[943]: Generating public/private ed25519 key pair.
[   26.824751] cloud-init[943]: Your identification has been saved in /etc/ssh/ssh_host_ed25519_key.
[   26.825555] cloud-init[943]: Your public key has been saved in /etc/ssh/ssh_host_ed25519_key.pub.
[[0;32m  OK  [0m] Started FUSE filesystem for LXC.
[   26.825824] cloud-init[943]: The key fingerprint is:
[[   27.156393] cloud-init[943]: SHA256:T+QPkGRzfyHtoaxPqgaFzdAGwYuNBfFKvE0h0RjDfOE root@ubuntu-xenial
[0;32m  OK  [0m] Started Regular background program processing daemon.
[   27.156942] cloud-init[943]: The key's randomart image is:
[   27.388428] cloud-init[943]: +--[ED25519 256]--+
[   27.464352] cloud-init[943]: |   oBO==+ . ...  |
[   27.544303] cloud-init[943]: |   .+=*+o+ . .o. |
[   27.616268] cloud-init[943]: |    o*EBo ...o.. |
[   27.696339] cloud-init[943]: |   .o=+ ++  o..  |
[   27.776367] cloud-init[943]: |    o ..S +.     |
[   27.798193] cloud-init[943]: |      .  o.o.    |
[   27.799120] cloud-init[943]: |       .  .+.    |
[   27.801027] cloud-init[943]: |        . . .    |
[   27.802970] cloud-init[943]: |       ...       |
[   27.809296] cloud-init[943]: +----[SHA256]-----+
         Starting /etc/rc.local Compatibility...
         Starting LSB: MD monitoring daemon...
         Starting Apply the settings specified in cloud-config...
         Starting Pollinate to seed the pseudo random number generator...
         Starting System Logging Service...
         Starting Login Service...
[[0;32m  OK  [0m] Started Unattended Upgrades Shutdown.
[[0;32m  OK  [0m] Started Snappy daemon.
         Starting Accounts Service...
[[0;32m  OK  [0m] Started D-Bus System Message Bus.
[[0;32m  OK  [0m] Started Deferred execution scheduler.
         Starting Auto import assertions from block devices...
[[0;32m  OK  [0m] Started ACPI event daemon.
         Starting LXD - container startup/shutdown...
[[0;32m  OK  [0m] Started System Logging Service.
[[0;32m  OK  [0m] Started /etc/rc.local Compatibility.
[[0;32m  OK  [0m] Started Pollinate to seed the pseudo random number generator.
[[0;32m  OK  [0m] Started Auto import assertions from block devices.
[[   28.510622] cloud-init[1065]: Generating locales (this might take a while)...
[0;32m  OK  [0m] Started LXD - container startup/shutdown.
[[0;32m  OK  [0m] Started LSB: Record successful boot for GRUB.
[[0;32m  OK  [0m] Started Login to default iSCSI targets.
[[0;32m  OK  [0m] Started LSB: MD monitoring daemon.
[[0;32m  OK  [0m] Started Login Service.
         Starting Authenticate and Authorize Users to Run Privileged Tasks...
[[0;32m  OK  [0m] Reached target Remote File Systems (Pre).
[[0;32m  OK  [0m] Reached target Remote File Systems.
         Starting LSB: daemon to balance interrupts for SMP systems...
         Starting Permit User Sessions...
         Starting LSB: VirtualBox Linux Additions...
         Starting LSB: automatic crash report generation...
         Starting LSB: Set the CPU Frequency Scaling governor to "ondemand"...
         Starting OpenBSD Secure Shell server...
[[0;32m  OK  [0m] Started Permit User Sessions.
[[0;32m  OK  [0m] Started OpenBSD Secure Shell server.
         Starting Hold until boot process finishes up...
         Starting Terminate Plymouth Boot Screen...
[[0;32m  OK  [0m] Started Authenticate and Authorize Users to Run Privileged Tasks.
[[0;32m  OK  [0m] Started Hold until boot process finishes up.
[[0;32m  OK  [0m] Started Accounts Service.
[[0;32m  OK  [0m] Started LSB: Set the CPU Frequency Scaling governor to "ondemand".
[[0;32m  OK  [0m] Started Terminate Plymouth Boot Screen.
[[0;32m  OK  [0m] Started Getty on tty1.
[[0;32m  OK  [0m] Started Serial Getty on ttyS0.
[[0;32m  OK  [0m] Reached target Login Prompts.
         Starting Set console scheme...
[[0;32m  OK  [0m] Started Set console scheme.
[[0;32m  OK  [0m] Started LSB: automatic crash report generation.
[[0;32m  OK  [0m] Started LSB: daemon to balance interrupts for SMP systems.
[[0;32m  OK  [0m] Started LSB: VirtualBox Linux Additions.
[[0;32m  OK  [0m] Reached target Multi-User System.
[[0;32m  OK  [0m] Reached target Graphical Interface.
         Starting Update UTMP about System Runlevel Changes...
[[0;32m  OK  [0m] Started Update UTMP about System Runlevel Changes.
[   29.390626] cloud-init[1065]:   en_US.UTF-8... done
[   29.396523] cloud-init[1065]: Generation complete.
         Stopping OpenBSD Secure Shell server...
[[0;32m  OK  [0m] Stopped OpenBSD Secure Shell server.
         Starting OpenBSD Secure Shell server...
[[0;32m  OK  [0m] Started OpenBSD Secure Shell server.
[[0;32m  OK  [0m] Created slice User Slice of ubuntu.
         Starting User Manager for UID 1000...
[[0;32m  OK  [0m] Started User Manager for UID 1000.
[   29.882879] cloud-init[1065]: Cloud-init v. 0.7.9 running 'modules:config' at Mon, 25 Sep 2017 17:31:36 +0000. Up 28.39 seconds.
[[0;32m  OK  [0m] Started Session 1 of user ubuntu.
[[0;32m  OK  [0m] Started Apply the settings specified in cloud-config.
         Starting Execute cloud user/final scripts...
ci-info: no authorized ssh keys fingerprints found for user ubuntu.
<14>Sep 25 17:31:38 ec2: 
<14>Sep 25 17:31:38 ec2: #############################################################
<14>Sep 25 17:31:38 ec2: -----BEGIN SSH HOST KEY FINGERPRINTS-----
<14>Sep 25 17:31:38 ec2: 1024 SHA256:kXCKKAE4uA0NNymws8p13h0oUlUx02Og7wX4r2wzrhU root@ubuntu-xenial (DSA)
<14>Sep 25 17:31:38 ec2: 256 SHA256:NrUyKL8QNG8dQCQJy//Jx6hgDzZdNYPexWcmACPWZjw root@ubuntu-xenial (ECDSA)
<14>Sep 25 17:31:38 ec2: 256 SHA256:T+QPkGRzfyHtoaxPqgaFzdAGwYuNBfFKvE0h0RjDfOE root@ubuntu-xenial (ED25519)
<14>Sep 25 17:31:38 ec2: 2048 SHA256:xjc2MpD3PjT3vfuL4GjLN0ni5Fn9NCSi3y2RHVevwgQ root@ubuntu-xenial (RSA)
<14>Sep 25 17:31:38 ec2: -----END SSH HOST KEY FINGERPRINTS-----
<14>Sep 25 17:31:38 ec2: #############################################################
-----BEGIN SSH HOST KEY KEYS-----
ecdsa-sha2-nistp256 AAAAE2VjZHNhLXNoYTItbmlzdHAyNTYAAAAIbmlzdHAyNTYAAABBBKXIHZDQaOCJF0NEZqKQfRlT/IMhBcm7ppG1rHK/V/WZdzQMDercfV0+2JSCA3c9T9faHjMaOZiyOOvXgT4qvCA= root@ubuntu-xenial
ssh-ed25519 AAAAC3NzaC1lZDI1NTE5AAAAIID+F0sblWjGDf267hFgUdcYMfevzOyLwsV/gzcKI0Vg root@ubuntu-xenial
ssh-rsa AAAAB3NzaC1yc2EAAAADAQABAAABAQDdJW95q7MpGuBDsl/6SiZSICiCxgHlT9hCZme1uppwrDjDLXu8U3dMZpCZa6P60UpNnSof8X8zLtQ2G8h+zV4JK4zQpfVsO/QGNPheYFkeK9dx45ZysGlo6daAnnSbe30zwarOjpl/oJGoM6Gxk7QZgI0l5K+sH239auzCeiwuarSonic6e1vrzfz/7P0sxtxNDdN/w/aV3aGiNMcmb7BkZabFsktpJZRMcjGclBfMKU+gsCWvyWaElAPVOVqqoTgpmewE1b7514RPg6kL0829lMXl/cXLrHL7nz9VY4Q4NN+bNmQGwjZs8KB1MuZ27VKrdKzpqkrlJYuSFjVxWy2/ root@ubuntu-xenial
-----END SSH HOST KEY KEYS-----
[   30.838043] cloud-init[1345]: Cloud-init v. 0.7.9 running 'modules:final' at Mon, 25 Sep 2017 17:31:38 +0000. Up 30.36 seconds.
[   30.840195] cloud-init[1345]: ci-info: no authorized ssh keys fingerprints found for user ubuntu.
[   30.841968] cloud-init[1345]: Cloud-init v. 0.7.9 finished at Mon, 25 Sep 2017 17:31:39 +0000. Datasource DataSourceNoCloud [seed=/dev/sdb][dsmode=net].  Up 30.83 seconds
[[0;32m  OK  [0m] Started Execute cloud user/final scripts.
[[0;32m  OK  [0m] Reached target Cloud-init target.

Ubuntu 16.04.2 LTS ubuntu-xenial ttyS0

ubuntu-xenial login: 